<?xml version="1.0" encoding="UTF-8"?>
<!-- Generated by org.testng.reporters.JUnitReportReporter -->
<testsuite hostname="LAPTOP-RLBPP581" failures="0" tests="1" name="Test.Testloginpage" time="15.169" errors="0" timestamp="2022-02-27T12:36:43 IST" skipped="0">
  <testcase classname="Test.Testloginpage" name="signupPagdetails" time="15.169"/>
  <system-out/>
</testsuite> <!-- Test.Testloginpage -->
